<?xml version="1.0" encoding="UTF-8"?>
<!-- Generated by org.testng.reporters.JUnitReportReporter -->
<testsuite hostname="LAPTOP-5K836TPI" failures="0" tests="1" name="com.automation.testcasebyWeb.Testcase01" time="8.015" errors="0" timestamp="2023-03-10T13:32:22 ICT" skipped="0">
  <testcase classname="com.automation.testcasebyWeb.Testcase01" name="TC001" time="8.015"/>
  <system-out/>
</testsuite> <!-- com.automation.testcasebyWeb.Testcase01 -->
