<?xml version="1.0" encoding="UTF-8"?>
<!-- Generated by org.testng.reporters.JUnitReportReporter -->
<testsuite hostname="LAPTOP-5K836TPI" failures="0" tests="1" name="com.automation.testcase.testcase1" time="1.377" errors="0" timestamp="2023-03-09T09:44:35 ICT" skipped="0">
  <testcase classname="com.automation.testcase.testcase1" name="TC_MyOderSearchValid" time="1.377"/>
  <system-out/>
</testsuite> <!-- com.automation.testcase.testcase1 -->
